#
# There is insufficient memory for the Java Runtime Environment to continue.
# Native memory allocation (malloc) failed to allocate 1048576 bytes for AllocateHeap
# Possible reasons:
#   The system is out of physical RAM or swap space
#   In 32 bit mode, the process size limit was hit
# Possible solutions:
#   Reduce memory load on the system
#   Increase physical memory or swap space
#   Check if swap backing store is full
#   Use 64 bit Java on a 64 bit OS
#   Decrease Java heap size (-Xmx/-Xms)
#   Decrease number of Java threads
#   Decrease Java thread stack sizes (-Xss)
#   Set larger code cache with -XX:ReservedCodeCacheSize=
# This output file may be truncated or incomplete.
#
#  Out of Memory Error (memory/allocation.inline.hpp:61), pid=4476, tid=720
#
# JRE version:  (8.0_65-b17) (build )
# Java VM: Java HotSpot(TM) 64-Bit Server VM (25.65-b01 mixed mode windows-amd64 compressed oops)
# Failed to write core dump. Minidumps are not enabled by default on client versions of Windows
#

---------------  T H R E A D  ---------------

Current thread (0x0000000002200800):  JavaThread "Unknown thread" [_thread_in_vm, id=720, stack(0x0000000002100000,0x0000000002200000)]

Stack: [0x0000000002100000,0x0000000002200000]
[error occurred during error reporting (printing stack bounds), id 0xc0000005]

Native frames: (J=compiled Java code, j=interpreted, Vv=VM code, C=native code)


---------------  P R O C E S S  ---------------

Java Threads: ( => current thread )

Other Threads:

=>0x0000000002200800 (exited) JavaThread "Unknown thread" [_thread_in_vm, id=720, stack(0x0000000002100000,0x0000000002200000)]

VM state:not at safepoint (normal execution)

VM Mutex/Monitor currently owned by a thread: None

Heap:
 PSYoungGen      total 38400K, used 665K [0x00000000eab00000, 0x00000000ed580000, 0x0000000100000000)
  eden space 33280K, 2% used [0x00000000eab00000,0x00000000eaba6670,0x00000000ecb80000)
  from space 5120K, 0% used [0x00000000ed080000,0x00000000ed080000,0x00000000ed580000)
  to   space 5120K, 0% used [0x00000000ecb80000,0x00000000ecb80000,0x00000000ed080000)
 ParOldGen       total 87552K, used 0K [0x00000000c0000000, 0x00000000c5580000, 0x00000000eab00000)
  object space 87552K, 0% used [0x00000000c0000000,0x00000000c0000000,0x00000000c5580000)
 Metaspace       used 767K, capacity 4480K, committed 4480K, reserved 1056768K
  class space    used 75K, capacity 384K, committed 384K, reserved 1048576K

Card table byte_map: [0x00000000116d0000,0x00000000118e0000] byte_map_base: 0x00000000110d0000

Marking Bits: (ParMarkBitMap*) 0x0000000069cea5b0
 Begin Bits: [0x0000000012240000, 0x0000000013240000)
 End Bits:   [0x0000000013240000, 0x0000000014240000)

Polling page: 0x0000000001f80000

CodeCache: size=245760Kb used=328Kb max_used=328Kb free=245431Kb
 bounds [0x0000000002310000, 0x0000000002580000, 0x0000000011310000]
 total_blobs=57 nmethods=0 adapters=37
 compilation: enabled

Compilation events (0 events):
No events

GC Heap History (0 events):
No events

Deoptimization events (0 events):
No events

Internal exceptions (0 events):
No events

Events (10 events):
Event: 0.055 loading class java/lang/Short
Event: 0.056 loading class java/lang/Short done
Event: 0.056 loading class java/lang/Integer
Event: 0.056 loading class java/lang/Integer done
Event: 0.056 loading class java/lang/Long
Event: 0.057 loading class java/lang/Long done
Event: 0.057 loading class java/lang/NullPointerException
Event: 0.057 loading class java/lang/NullPointerException done
Event: 0.057 loading class java/lang/ArithmeticException
Event: 0.057 loading class java/lang/ArithmeticException done


Dynamic libraries:
0x00007ff676420000 - 0x00007ff676457000 	C:\Program Files\Java\jdk1.8.0_65\bin\java.exe
0x00007ff8b2ea0000 - 0x00007ff8b3061000 	C:\WINDOWS\SYSTEM32\ntdll.dll
0x00007ff8b2480000 - 0x00007ff8b252d000 	C:\WINDOWS\system32\KERNEL32.DLL
0x00007ff8b0060000 - 0x00007ff8b0248000 	C:\WINDOWS\system32\KERNELBASE.dll
0x00007ff8b02a0000 - 0x00007ff8b0347000 	C:\WINDOWS\system32\ADVAPI32.dll
0x00007ff8b08b0000 - 0x00007ff8b094d000 	C:\WINDOWS\system32\msvcrt.dll
0x00007ff8b09c0000 - 0x00007ff8b0a1b000 	C:\WINDOWS\system32\sechost.dll
0x00007ff8b2350000 - 0x00007ff8b246c000 	C:\WINDOWS\system32\RPCRT4.dll
0x00007ff8b04d0000 - 0x00007ff8b0626000 	C:\WINDOWS\system32\USER32.dll
0x00007ff8b27b0000 - 0x00007ff8b2936000 	C:\WINDOWS\system32\GDI32.dll
0x00007ff8aaf70000 - 0x00007ff8ab1e4000 	C:\WINDOWS\WinSxS\amd64_microsoft.windows.common-controls_6595b64144ccf1df_6.0.10586.0_none_8c15ae12515e1c22\COMCTL32.dll
0x00007ff8b2530000 - 0x00007ff8b27ad000 	C:\WINDOWS\system32\combase.dll
0x00007ff8afe80000 - 0x00007ff8afeea000 	C:\WINDOWS\system32\bcryptPrimitives.dll
0x00007ff8b21b0000 - 0x00007ff8b21eb000 	C:\WINDOWS\system32\IMM32.DLL
0x0000000068f80000 - 0x0000000069052000 	C:\Program Files\Java\jdk1.8.0_65\jre\bin\msvcr100.dll
0x00000000694e0000 - 0x0000000069d69000 	C:\Program Files\Java\jdk1.8.0_65\jre\bin\server\jvm.dll
0x00007ff8b2470000 - 0x00007ff8b2478000 	C:\WINDOWS\system32\PSAPI.DLL
0x00007ff8ad740000 - 0x00007ff8ad763000 	C:\WINDOWS\SYSTEM32\WINMM.dll
0x00007ff8a93b0000 - 0x00007ff8a93b9000 	C:\WINDOWS\SYSTEM32\WSOCK32.dll
0x00007ff8abd90000 - 0x00007ff8abd9a000 	C:\WINDOWS\SYSTEM32\VERSION.dll
0x00007ff8ad6e0000 - 0x00007ff8ad70c000 	C:\WINDOWS\SYSTEM32\WINMMBASE.dll
0x00007ff8b0250000 - 0x00007ff8b0293000 	C:\WINDOWS\system32\cfgmgr32.dll
0x00007ff8b0950000 - 0x00007ff8b09bb000 	C:\WINDOWS\system32\WS2_32.dll
0x00000000693f0000 - 0x00000000693ff000 	C:\Program Files\Java\jdk1.8.0_65\jre\bin\verify.dll
0x00000000693c0000 - 0x00000000693e9000 	C:\Program Files\Java\jdk1.8.0_65\jre\bin\java.dll
0x00000000693a0000 - 0x00000000693b6000 	C:\Program Files\Java\jdk1.8.0_65\jre\bin\zip.dll

VM Arguments:
jvm_args: -Xmx1024M -Dfile.encoding=windows-1252 -Duser.country=US -Duser.language=en -Duser.variant 
java_command: com.android.dx.command.Main --dex --num-threads=4 --output C:\Users\Konrad\AndroidStudioProjects\NoSleep\app\build\intermediates\pre-dexed\debug\classes-3c4e77c52e2c2b4f7b1a875982a1d0dd1d046747.jar C:\Users\Konrad\AndroidStudioProjects\NoSleep\app\build\intermediates\exploded-aar\com.android.support\support-v4\23.1.1\jars\classes.jar
java_class_path (initial): C:\Users\Konrad\AppData\Local\Android\sdk\build-tools\23.0.2\lib\dx.jar
Launcher Type: SUN_STANDARD

Environment Variables:
PATH=C:\Program Files (x86)\NVIDIA Corporation\PhysX\Common;C:\ProgramData\Oracle\Java\javapath;C:\Program Files (x86)\Intel\iCLS Client\;C:\Program Files\Intel\iCLS Client\;C:\WINDOWS\system32;C:\WINDOWS;C:\WINDOWS\System32\Wbem;C:\WINDOWS\System32\WindowsPowerShell\v1.0\;C:\Program Files\Java\jdk1.8.0_65\bin;C:\Program Files (x86)\nodejs\;C:\Program Files (x86)\Skype\Phone\;C:\Program Files (x86)\QuickTime\QTSystem\;C:\Program Files (x86)\Mozilla Firefox;C:\Program Files (x86)\Intel\iCLS Client\;C:\Program Files\Intel\iCLS Client\;C:\WINDOWS\system32;C:\WINDOWS;C:\WINDOWS\System32\Wbem;C:\WINDOWS\System32\WindowsPowerShell\v1.0\;C:\Users\Konrad\AppData\Roaming\npm;C:\Program Files (x86)\nodejs
USERNAME=Konrad
OS=Windows_NT
PROCESSOR_IDENTIFIER=Intel64 Family 6 Model 42 Stepping 7, GenuineIntel



---------------  S Y S T E M  ---------------

OS: Windows 10.0 , 64 bit Build 10586 (10.0.10586.0)

CPU:total 8 (4 cores per cpu, 2 threads per core) family 6 model 42 stepping 7, cmov, cx8, fxsr, mmx, sse, sse2, sse3, ssse3, sse4.1, sse4.2, popcnt, avx, aes, clmul, ht, tsc, tscinvbit

Memory: 4k page, physical 8369368k(1224088k free), swap 9417944k(5316k free)

vm_info: Java HotSpot(TM) 64-Bit Server VM (25.65-b01) for windows-amd64 JRE (1.8.0_65-b17), built on Oct  6 2015 16:39:20 by "java_re" with MS VC++ 10.0 (VS2010)

time: Sun Jan 17 23:47:57 2016
elapsed time: 0 seconds (0d 0h 0m 0s)

